{"/Users/calista/Desktop/MadTour/project/App.js": {"path":"/Users/calista/Desktop/MadTour/project/App.js","statementMap":{"0":{"start":{"line":23,"column":14},"end":{"line":23,"column":36}},"1":{"start":{"line":29,"column":50},"end":{"line":29,"column":71}},"2":{"start":{"line":30,"column":62},"end":{"line":30,"column":78}},"3":{"start":{"line":31,"column":23},"end":{"line":31,"column":37}},"4":{"start":{"line":32,"column":30},"end":{"line":32,"column":54}},"5":{"start":{"line":35,"column":2},"end":{"line":58,"column":9}},"6":{"start":{"line":37,"column":6},"end":{"line":54,"column":7}},"7":{"start":{"line":38,"column":8},"end":{"line":38,"column":39}},"8":{"start":{"line":41,"column":8},"end":{"line":41,"column":59}},"9":{"start":{"line":44,"column":8},"end":{"line":47,"column":11}},"10":{"start":{"line":50,"column":8},"end":{"line":50,"column":24}},"11":{"start":{"line":52,"column":8},"end":{"line":52,"column":33}},"12":{"start":{"line":53,"column":8},"end":{"line":53,"column":28}},"13":{"start":{"line":57,"column":4},"end":{"line":57,"column":32}},"14":{"start":{"line":61,"column":2},"end":{"line":91,"column":3}},"15":{"start":{"line":62,"column":4},"end":{"line":62,"column":16}},"16":{"start":{"line":65,"column":4},"end":{"line":90,"column":6}},"17":{"start":{"line":94,"column":15},"end":{"line":99,"column":2}}},"fnMap":{"0":{"name":"App","decl":{"start":{"line":28,"column":24},"end":{"line":28,"column":27}},"loc":{"start":{"line":28,"column":35},"end":{"line":92,"column":1}},"line":28},"1":{"name":"(anonymous_1)","decl":{"start":{"line":35,"column":18},"end":{"line":35,"column":19}},"loc":{"start":{"line":35,"column":24},"end":{"line":58,"column":3}},"line":35},"2":{"name":"loadResourcesAndDataAsync","decl":{"start":{"line":36,"column":19},"end":{"line":36,"column":44}},"loc":{"start":{"line":36,"column":47},"end":{"line":55,"column":5}},"line":36}},"branchMap":{"0":{"loc":{"start":{"line":61,"column":2},"end":{"line":91,"column":3}},"type":"if","locations":[{"start":{"line":61,"column":2},"end":{"line":91,"column":3}},{"start":{"line":61,"column":2},"end":{"line":91,"column":3}}],"line":61},"1":{"loc":{"start":{"line":61,"column":6},"end":{"line":61,"column":52}},"type":"binary-expr","locations":[{"start":{"line":61,"column":6},"end":{"line":61,"column":24}},{"start":{"line":61,"column":28},"end":{"line":61,"column":52}}],"line":61},"2":{"loc":{"start":{"line":67,"column":9},"end":{"line":67,"column":66}},"type":"binary-expr","locations":[{"start":{"line":67,"column":9},"end":{"line":67,"column":30}},{"start":{"line":67,"column":34},"end":{"line":67,"column":66}}],"line":67}},"s":{"0":0,"1":0,"2":0,"3":0,"4":0,"5":0,"6":0,"7":0,"8":0,"9":0,"10":0,"11":0,"12":0,"13":0,"14":0,"15":0,"16":0,"17":0},"f":{"0":0,"1":0,"2":0},"b":{"0":[0,0],"1":[0,0],"2":[0,0]},"hash":"d09d6d6207303bb566c963ff2ca0e005ea02d9e5"}
,"/Users/calista/Desktop/MadTour/project/styleInfo.js": {"path":"/Users/calista/Desktop/MadTour/project/styleInfo.js","statementMap":{"0":{"start":{"line":3,"column":10},"end":{"line":3,"column":40}}},"fnMap":{},"branchMap":{},"s":{"0":0},"f":{},"b":{},"hash":"708dc98838ba60a2baff5193e0223a5a39d81a15"}
,"/Users/calista/Desktop/MadTour/project/components/StyledText.js": {"path":"/Users/calista/Desktop/MadTour/project/components/StyledText.js","statementMap":{"0":{"start":{"line":5,"column":2},"end":{"line":5,"column":81}}},"fnMap":{"0":{"name":"MonoText","decl":{"start":{"line":4,"column":16},"end":{"line":4,"column":24}},"loc":{"start":{"line":4,"column":32},"end":{"line":6,"column":1}},"line":4}},"branchMap":{},"s":{"0":1},"f":{"0":1},"b":{},"_coverageSchema":"43e27e138ebf9cfc5966b082cf9a028302ed4184","hash":"722e84e36af1b5042db097e07c76245fe2040fcf"}
,"/Users/calista/Desktop/MadTour/project/components/TabBarIcon.js": {"path":"/Users/calista/Desktop/MadTour/project/components/TabBarIcon.js","statementMap":{"0":{"start":{"line":7,"column":2},"end":{"line":14,"column":4}}},"fnMap":{"0":{"name":"TabBarIcon","decl":{"start":{"line":6,"column":24},"end":{"line":6,"column":34}},"loc":{"start":{"line":6,"column":42},"end":{"line":15,"column":1}},"line":6}},"branchMap":{"0":{"loc":{"start":{"line":12,"column":13},"end":{"line":12,"column":75}},"type":"cond-expr","locations":[{"start":{"line":12,"column":29},"end":{"line":12,"column":51}},{"start":{"line":12,"column":54},"end":{"line":12,"column":75}}],"line":12}},"s":{"0":0},"f":{"0":0},"b":{"0":[0,0]},"hash":"f99fa59465bea44bdb133a77e24b097efe3960ee"}
,"/Users/calista/Desktop/MadTour/project/constants/Colors.js": {"path":"/Users/calista/Desktop/MadTour/project/constants/Colors.js","statementMap":{"0":{"start":{"line":4,"column":18},"end":{"line":4,"column":27}}},"fnMap":{},"branchMap":{},"s":{"0":0},"f":{},"b":{},"hash":"b2300cc13756fc198720f14fd8b3d01d7ba24111"}
,"/Users/calista/Desktop/MadTour/project/constants/Layout.js": {"path":"/Users/calista/Desktop/MadTour/project/constants/Layout.js","statementMap":{"0":{"start":{"line":6,"column":14},"end":{"line":6,"column":44}},"1":{"start":{"line":7,"column":15},"end":{"line":7,"column":46}}},"fnMap":{},"branchMap":{},"s":{"0":0,"1":0},"f":{},"b":{},"hash":"c242d4ed3356c0fe2879e5eee4181e49db92d6c9"}
,"/Users/calista/Desktop/MadTour/project/navigation/BottomTabNavigator.js": {"path":"/Users/calista/Desktop/MadTour/project/navigation/BottomTabNavigator.js","statementMap":{"0":{"start":{"line":7,"column":18},"end":{"line":7,"column":44}},"1":{"start":{"line":8,"column":27},"end":{"line":8,"column":33}},"2":{"start":{"line":14,"column":2},"end":{"line":14,"column":64}},"3":{"start":{"line":16,"column":2},"end":{"line":35,"column":4}},"4":{"start":{"line":23,"column":39},"end":{"line":23,"column":94}},"5":{"start":{"line":31,"column":39},"end":{"line":31,"column":86}},"6":{"start":{"line":39,"column":20},"end":{"line":39,"column":86}},"7":{"start":{"line":41,"column":2},"end":{"line":46,"column":3}},"8":{"start":{"line":43,"column":6},"end":{"line":43,"column":16}},"9":{"start":{"line":45,"column":6},"end":{"line":45,"column":16}}},"fnMap":{"0":{"name":"BottomTabNavigator","decl":{"start":{"line":10,"column":24},"end":{"line":10,"column":42}},"loc":{"start":{"line":10,"column":66},"end":{"line":36,"column":1}},"line":10},"1":{"name":"(anonymous_1)","decl":{"start":{"line":23,"column":22},"end":{"line":23,"column":23}},"loc":{"start":{"line":23,"column":39},"end":{"line":23,"column":94}},"line":23},"2":{"name":"(anonymous_2)","decl":{"start":{"line":31,"column":22},"end":{"line":31,"column":23}},"loc":{"start":{"line":31,"column":39},"end":{"line":31,"column":86}},"line":31},"3":{"name":"getHeaderTitle","decl":{"start":{"line":38,"column":9},"end":{"line":38,"column":23}},"loc":{"start":{"line":38,"column":31},"end":{"line":47,"column":1}},"line":38}},"branchMap":{"0":{"loc":{"start":{"line":39,"column":20},"end":{"line":39,"column":86}},"type":"binary-expr","locations":[{"start":{"line":39,"column":20},"end":{"line":39,"column":64}},{"start":{"line":39,"column":68},"end":{"line":39,"column":86}}],"line":39},"1":{"loc":{"start":{"line":41,"column":2},"end":{"line":46,"column":3}},"type":"switch","locations":[{"start":{"line":42,"column":4},"end":{"line":43,"column":16}},{"start":{"line":44,"column":4},"end":{"line":45,"column":16}}],"line":41}},"s":{"0":0,"1":0,"2":0,"3":0,"4":0,"5":0,"6":0,"7":0,"8":0,"9":0},"f":{"0":0,"1":0,"2":0,"3":0},"b":{"0":[0,0],"1":[0,0]},"hash":"bb9f46b6559819e3b8d5c32f3b888098bfc5d341"}
,"/Users/calista/Desktop/MadTour/project/navigation/useLinking.js": {"path":"/Users/calista/Desktop/MadTour/project/navigation/useLinking.js","statementMap":{"0":{"start":{"line":5,"column":2},"end":{"line":17,"column":5}}},"fnMap":{"0":{"name":"(anonymous_0)","decl":{"start":{"line":4,"column":15},"end":{"line":4,"column":16}},"loc":{"start":{"line":4,"column":38},"end":{"line":18,"column":1}},"line":4}},"branchMap":{},"s":{"0":0},"f":{"0":0},"b":{},"hash":"da04df21098375180478bbf17c0d0e2421099905"}
,"/Users/calista/Desktop/MadTour/project/pages/Activities.js": {"path":"/Users/calista/Desktop/MadTour/project/pages/Activities.js","statementMap":{"0":{"start":{"line":8,"column":2},"end":{"line":27,"column":4}},"1":{"start":{"line":13,"column":25},"end":{"line":13,"column":54}},"2":{"start":{"line":32,"column":12},"end":{"line":32,"column":14}},"3":{"start":{"line":33,"column":2},"end":{"line":35,"column":3}},"4":{"start":{"line":33,"column":14},"end":{"line":33,"column":15}},"5":{"start":{"line":34,"column":4},"end":{"line":34,"column":36}},"6":{"start":{"line":36,"column":2},"end":{"line":36,"column":13}},"7":{"start":{"line":41,"column":2},"end":{"line":55,"column":4}},"8":{"start":{"line":46,"column":25},"end":{"line":46,"column":49}},"9":{"start":{"line":57,"column":15},"end":{"line":57,"column":43}}},"fnMap":{"0":{"name":"Activities","decl":{"start":{"line":7,"column":24},"end":{"line":7,"column":34}},"loc":{"start":{"line":7,"column":49},"end":{"line":28,"column":1}},"line":7},"1":{"name":"(anonymous_1)","decl":{"start":{"line":13,"column":21},"end":{"line":13,"column":22}},"loc":{"start":{"line":13,"column":25},"end":{"line":13,"column":54}},"line":13},"2":{"name":"example","decl":{"start":{"line":31,"column":9},"end":{"line":31,"column":16}},"loc":{"start":{"line":31,"column":28},"end":{"line":37,"column":1}},"line":31},"3":{"name":"makeAct","decl":{"start":{"line":40,"column":9},"end":{"line":40,"column":16}},"loc":{"start":{"line":40,"column":35},"end":{"line":56,"column":1}},"line":40},"4":{"name":"(anonymous_4)","decl":{"start":{"line":46,"column":21},"end":{"line":46,"column":22}},"loc":{"start":{"line":46,"column":25},"end":{"line":46,"column":49}},"line":46}},"branchMap":{},"s":{"0":0,"1":0,"2":0,"3":0,"4":0,"5":0,"6":0,"7":0,"8":0,"9":0},"f":{"0":0,"1":0,"2":0,"3":0,"4":0},"b":{},"hash":"c7e35a3d31a3a6e51278a677f7e9645715675125"}
,"/Users/calista/Desktop/MadTour/project/pages/EventPage.js": {"path":"/Users/calista/Desktop/MadTour/project/pages/EventPage.js","statementMap":{"0":{"start":{"line":7,"column":2},"end":{"line":32,"column":4}},"1":{"start":{"line":12,"column":26},"end":{"line":12,"column":56}},"2":{"start":{"line":35,"column":0},"end":{"line":37,"column":2}},"3":{"start":{"line":39,"column":15},"end":{"line":39,"column":43}}},"fnMap":{"0":{"name":"EventPage","decl":{"start":{"line":6,"column":24},"end":{"line":6,"column":33}},"loc":{"start":{"line":6,"column":48},"end":{"line":33,"column":1}},"line":6},"1":{"name":"(anonymous_1)","decl":{"start":{"line":12,"column":21},"end":{"line":12,"column":22}},"loc":{"start":{"line":12,"column":26},"end":{"line":12,"column":56}},"line":12}},"branchMap":{},"s":{"0":0,"1":0,"2":0,"3":0},"f":{"0":0,"1":0},"b":{},"hash":"c7e62f0bbcdb1627ac3e3ef634221b672b52882d"}
,"/Users/calista/Desktop/MadTour/project/pages/Events.js": {"path":"/Users/calista/Desktop/MadTour/project/pages/Events.js","statementMap":{"0":{"start":{"line":12,"column":12},"end":{"line":12,"column":30}},"1":{"start":{"line":15,"column":2},"end":{"line":36,"column":4}},"2":{"start":{"line":20,"column":25},"end":{"line":20,"column":54}},"3":{"start":{"line":41,"column":12},"end":{"line":41,"column":14}},"4":{"start":{"line":42,"column":2},"end":{"line":44,"column":3}},"5":{"start":{"line":42,"column":14},"end":{"line":42,"column":15}},"6":{"start":{"line":43,"column":4},"end":{"line":43,"column":38}},"7":{"start":{"line":45,"column":2},"end":{"line":45,"column":13}},"8":{"start":{"line":50,"column":2},"end":{"line":71,"column":4}},"9":{"start":{"line":54,"column":19},"end":{"line":54,"column":43}},"10":{"start":{"line":103,"column":15},"end":{"line":103,"column":43}}},"fnMap":{"0":{"name":"Events","decl":{"start":{"line":14,"column":24},"end":{"line":14,"column":30}},"loc":{"start":{"line":14,"column":45},"end":{"line":37,"column":1}},"line":14},"1":{"name":"(anonymous_1)","decl":{"start":{"line":20,"column":21},"end":{"line":20,"column":22}},"loc":{"start":{"line":20,"column":25},"end":{"line":20,"column":54}},"line":20},"2":{"name":"example","decl":{"start":{"line":40,"column":9},"end":{"line":40,"column":16}},"loc":{"start":{"line":40,"column":28},"end":{"line":46,"column":1}},"line":40},"3":{"name":"makeEvent","decl":{"start":{"line":49,"column":9},"end":{"line":49,"column":18}},"loc":{"start":{"line":49,"column":37},"end":{"line":72,"column":1}},"line":49},"4":{"name":"(anonymous_4)","decl":{"start":{"line":54,"column":15},"end":{"line":54,"column":16}},"loc":{"start":{"line":54,"column":19},"end":{"line":54,"column":43}},"line":54},"5":{"name":"getEvents","decl":{"start":{"line":74,"column":9},"end":{"line":74,"column":18}},"loc":{"start":{"line":74,"column":20},"end":{"line":101,"column":1}},"line":74}},"branchMap":{},"s":{"0":0,"1":0,"2":0,"3":0,"4":0,"5":0,"6":0,"7":0,"8":0,"9":0,"10":0},"f":{"0":0,"1":0,"2":0,"3":0,"4":0,"5":0},"b":{},"hash":"8aa92708ced28c40c3127d819008c7025293fb69"}
,"/Users/calista/Desktop/MadTour/project/pages/HomePage.js": {"path":"/Users/calista/Desktop/MadTour/project/pages/HomePage.js","statementMap":{"0":{"start":{"line":10,"column":2},"end":{"line":40,"column":4}},"1":{"start":{"line":23,"column":66},"end":{"line":23,"column":89}},"2":{"start":{"line":28,"column":66},"end":{"line":28,"column":95}},"3":{"start":{"line":33,"column":66},"end":{"line":33,"column":90}},"4":{"start":{"line":43,"column":0},"end":{"line":45,"column":2}},"5":{"start":{"line":47,"column":15},"end":{"line":47,"column":43}}},"fnMap":{"0":{"name":"HomePage","decl":{"start":{"line":9,"column":24},"end":{"line":9,"column":32}},"loc":{"start":{"line":9,"column":47},"end":{"line":41,"column":1}},"line":9},"1":{"name":"(anonymous_1)","decl":{"start":{"line":23,"column":61},"end":{"line":23,"column":62}},"loc":{"start":{"line":23,"column":66},"end":{"line":23,"column":89}},"line":23},"2":{"name":"(anonymous_2)","decl":{"start":{"line":28,"column":61},"end":{"line":28,"column":62}},"loc":{"start":{"line":28,"column":66},"end":{"line":28,"column":95}},"line":28},"3":{"name":"(anonymous_3)","decl":{"start":{"line":33,"column":61},"end":{"line":33,"column":62}},"loc":{"start":{"line":33,"column":66},"end":{"line":33,"column":90}},"line":33}},"branchMap":{},"s":{"0":0,"1":0,"2":0,"3":0,"4":0,"5":0},"f":{"0":0,"1":0,"2":0,"3":0},"b":{},"hash":"81239404f8c38e528737d2eb8556d19d33783da8"}
,"/Users/calista/Desktop/MadTour/project/pages/PlanPage.js": {"path":"/Users/calista/Desktop/MadTour/project/pages/PlanPage.js","statementMap":{"0":{"start":{"line":7,"column":2},"end":{"line":30,"column":4}},"1":{"start":{"line":11,"column":26},"end":{"line":11,"column":56}},"2":{"start":{"line":33,"column":0},"end":{"line":35,"column":2}},"3":{"start":{"line":37,"column":15},"end":{"line":37,"column":43}}},"fnMap":{"0":{"name":"PlanPage","decl":{"start":{"line":6,"column":24},"end":{"line":6,"column":32}},"loc":{"start":{"line":6,"column":47},"end":{"line":31,"column":1}},"line":6},"1":{"name":"(anonymous_1)","decl":{"start":{"line":11,"column":21},"end":{"line":11,"column":22}},"loc":{"start":{"line":11,"column":26},"end":{"line":11,"column":56}},"line":11}},"branchMap":{},"s":{"0":0,"1":0,"2":0,"3":0},"f":{"0":0,"1":0},"b":{},"hash":"394e093bcce6e00eeb5d08793ae90758ff12d5af"}
,"/Users/calista/Desktop/MadTour/project/pages/QuizPage.js": {"path":"/Users/calista/Desktop/MadTour/project/pages/QuizPage.js","statementMap":{"0":{"start":{"line":14,"column":14},"end":{"line":14,"column":38}},"1":{"start":{"line":17,"column":4},"end":{"line":52,"column":6}},"2":{"start":{"line":44,"column":33},"end":{"line":44,"column":56}},"3":{"start":{"line":71,"column":41},"end":{"line":71,"column":62}},"4":{"start":{"line":72,"column":4},"end":{"line":99,"column":6}},"5":{"start":{"line":85,"column":46},"end":{"line":85,"column":66}},"6":{"start":{"line":113,"column":4},"end":{"line":132,"column":6}},"7":{"start":{"line":141,"column":12},"end":{"line":141,"column":55}},"8":{"start":{"line":142,"column":12},"end":{"line":142,"column":13}},"9":{"start":{"line":143,"column":12},"end":{"line":143,"column":13}},"10":{"start":{"line":144,"column":12},"end":{"line":144,"column":13}},"11":{"start":{"line":145,"column":12},"end":{"line":145,"column":13}},"12":{"start":{"line":146,"column":16},"end":{"line":146,"column":25}},"13":{"start":{"line":147,"column":16},"end":{"line":147,"column":22}},"14":{"start":{"line":148,"column":4},"end":{"line":148,"column":49}},"15":{"start":{"line":153,"column":12},"end":{"line":153,"column":79}},"16":{"start":{"line":155,"column":12},"end":{"line":155,"column":13}},"17":{"start":{"line":156,"column":12},"end":{"line":156,"column":14}},"18":{"start":{"line":157,"column":12},"end":{"line":157,"column":13}},"19":{"start":{"line":158,"column":12},"end":{"line":158,"column":13}},"20":{"start":{"line":160,"column":16},"end":{"line":160,"column":27}},"21":{"start":{"line":161,"column":16},"end":{"line":161,"column":28}},"22":{"start":{"line":162,"column":4},"end":{"line":162,"column":49}},"23":{"start":{"line":168,"column":19},"end":{"line":168,"column":64}},"24":{"start":{"line":169,"column":16},"end":{"line":173,"column":5}},"25":{"start":{"line":174,"column":4},"end":{"line":174,"column":36}},"26":{"start":{"line":179,"column":19},"end":{"line":179,"column":65}},"27":{"start":{"line":180,"column":16},"end":{"line":185,"column":5}},"28":{"start":{"line":186,"column":4},"end":{"line":186,"column":36}},"29":{"start":{"line":194,"column":4},"end":{"line":194,"column":28}},"30":{"start":{"line":197,"column":15},"end":{"line":197,"column":43}}},"fnMap":{"0":{"name":"QuizPage","decl":{"start":{"line":16,"column":24},"end":{"line":16,"column":32}},"loc":{"start":{"line":16,"column":47},"end":{"line":53,"column":1}},"line":16},"1":{"name":"(anonymous_1)","decl":{"start":{"line":44,"column":29},"end":{"line":44,"column":30}},"loc":{"start":{"line":44,"column":33},"end":{"line":44,"column":56}},"line":44},"2":{"name":"qtSlider","decl":{"start":{"line":70,"column":9},"end":{"line":70,"column":17}},"loc":{"start":{"line":70,"column":123},"end":{"line":100,"column":1}},"line":70},"3":{"name":"(anonymous_3)","decl":{"start":{"line":85,"column":35},"end":{"line":85,"column":36}},"loc":{"start":{"line":85,"column":46},"end":{"line":85,"column":66}},"line":85},"4":{"name":"qtRadio","decl":{"start":{"line":112,"column":9},"end":{"line":112,"column":16}},"loc":{"start":{"line":112,"column":114},"end":{"line":133,"column":1}},"line":112},"5":{"name":"(anonymous_5)","decl":{"start":{"line":126,"column":29},"end":{"line":126,"column":30}},"loc":{"start":{"line":126,"column":39},"end":{"line":126,"column":41}},"line":126},"6":{"name":"qIntensity","decl":{"start":{"line":140,"column":9},"end":{"line":140,"column":19}},"loc":{"start":{"line":140,"column":22},"end":{"line":149,"column":1}},"line":140},"7":{"name":"qDistance","decl":{"start":{"line":152,"column":9},"end":{"line":152,"column":18}},"loc":{"start":{"line":152,"column":21},"end":{"line":163,"column":1}},"line":152},"8":{"name":"qDoorness","decl":{"start":{"line":167,"column":9},"end":{"line":167,"column":18}},"loc":{"start":{"line":167,"column":21},"end":{"line":175,"column":1}},"line":167},"9":{"name":"qTransport","decl":{"start":{"line":178,"column":9},"end":{"line":178,"column":19}},"loc":{"start":{"line":178,"column":22},"end":{"line":187,"column":1}},"line":178},"10":{"name":"qTimeFrame","decl":{"start":{"line":190,"column":9},"end":{"line":190,"column":19}},"loc":{"start":{"line":190,"column":22},"end":{"line":195,"column":1}},"line":190}},"branchMap":{"0":{"loc":{"start":{"line":70,"column":18},"end":{"line":70,"column":47}},"type":"default-arg","locations":[{"start":{"line":70,"column":29},"end":{"line":70,"column":47}}],"line":70},"1":{"loc":{"start":{"line":70,"column":49},"end":{"line":70,"column":57}},"type":"default-arg","locations":[{"start":{"line":70,"column":56},"end":{"line":70,"column":57}}],"line":70},"2":{"loc":{"start":{"line":70,"column":59},"end":{"line":70,"column":69}},"type":"default-arg","locations":[{"start":{"line":70,"column":67},"end":{"line":70,"column":69}}],"line":70},"3":{"loc":{"start":{"line":70,"column":71},"end":{"line":70,"column":80}},"type":"default-arg","locations":[{"start":{"line":70,"column":79},"end":{"line":70,"column":80}}],"line":70},"4":{"loc":{"start":{"line":70,"column":82},"end":{"line":70,"column":94}},"type":"default-arg","locations":[{"start":{"line":70,"column":93},"end":{"line":70,"column":94}}],"line":70},"5":{"loc":{"start":{"line":70,"column":96},"end":{"line":70,"column":107}},"type":"default-arg","locations":[{"start":{"line":70,"column":104},"end":{"line":70,"column":107}}],"line":70},"6":{"loc":{"start":{"line":70,"column":109},"end":{"line":70,"column":121}},"type":"default-arg","locations":[{"start":{"line":70,"column":117},"end":{"line":70,"column":121}}],"line":70},"7":{"loc":{"start":{"line":112,"column":17},"end":{"line":112,"column":46}},"type":"default-arg","locations":[{"start":{"line":112,"column":28},"end":{"line":112,"column":46}}],"line":112},"8":{"loc":{"start":{"line":112,"column":48},"end":{"line":112,"column":112}},"type":"default-arg","locations":[{"start":{"line":112,"column":58},"end":{"line":112,"column":112}}],"line":112}},"s":{"0":0,"1":0,"2":0,"3":0,"4":0,"5":0,"6":0,"7":0,"8":0,"9":0,"10":0,"11":0,"12":0,"13":0,"14":0,"15":0,"16":0,"17":0,"18":0,"19":0,"20":0,"21":0,"22":0,"23":0,"24":0,"25":0,"26":0,"27":0,"28":0,"29":0,"30":0},"f":{"0":0,"1":0,"2":0,"3":0,"4":0,"5":0,"6":0,"7":0,"8":0,"9":0,"10":0},"b":{"0":[0],"1":[0],"2":[0],"3":[0],"4":[0],"5":[0],"6":[0],"7":[0],"8":[0]},"hash":"abb40467d9589d9d783d08f777c162e8e1b3bd59"}
,"/Users/calista/Desktop/MadTour/project/pages/SavedPlansPage.js": {"path":"/Users/calista/Desktop/MadTour/project/pages/SavedPlansPage.js","statementMap":{"0":{"start":{"line":7,"column":2},"end":{"line":21,"column":4}},"1":{"start":{"line":14,"column":25},"end":{"line":14,"column":48}},"2":{"start":{"line":24,"column":0},"end":{"line":26,"column":2}},"3":{"start":{"line":28,"column":15},"end":{"line":28,"column":43}}},"fnMap":{"0":{"name":"SavedPlansPage","decl":{"start":{"line":6,"column":24},"end":{"line":6,"column":38}},"loc":{"start":{"line":6,"column":53},"end":{"line":22,"column":1}},"line":6},"1":{"name":"(anonymous_1)","decl":{"start":{"line":14,"column":21},"end":{"line":14,"column":22}},"loc":{"start":{"line":14,"column":25},"end":{"line":14,"column":48}},"line":14}},"branchMap":{},"s":{"0":0,"1":0,"2":0,"3":0},"f":{"0":0,"1":0},"b":{},"hash":"e259ab77b9c026e10f2b4bde6e43e867b1654f72"}
,"/Users/calista/Desktop/MadTour/project/pages/SelectEventPage.js": {"path":"/Users/calista/Desktop/MadTour/project/pages/SelectEventPage.js","statementMap":{"0":{"start":{"line":7,"column":2},"end":{"line":29,"column":4}},"1":{"start":{"line":14,"column":25},"end":{"line":14,"column":49}},"2":{"start":{"line":22,"column":25},"end":{"line":22,"column":54}},"3":{"start":{"line":32,"column":0},"end":{"line":34,"column":2}},"4":{"start":{"line":36,"column":15},"end":{"line":36,"column":43}}},"fnMap":{"0":{"name":"SelectEventPage","decl":{"start":{"line":6,"column":24},"end":{"line":6,"column":39}},"loc":{"start":{"line":6,"column":54},"end":{"line":30,"column":1}},"line":6},"1":{"name":"(anonymous_1)","decl":{"start":{"line":14,"column":21},"end":{"line":14,"column":22}},"loc":{"start":{"line":14,"column":25},"end":{"line":14,"column":49}},"line":14},"2":{"name":"(anonymous_2)","decl":{"start":{"line":22,"column":21},"end":{"line":22,"column":22}},"loc":{"start":{"line":22,"column":25},"end":{"line":22,"column":54}},"line":22}},"branchMap":{},"s":{"0":0,"1":0,"2":0,"3":0,"4":0},"f":{"0":0,"1":0,"2":0},"b":{},"hash":"21429d3def8898211b06a881f3216f4ad167585b"}
,"/Users/calista/Desktop/MadTour/project/pages/SelectPlanPage.js": {"path":"/Users/calista/Desktop/MadTour/project/pages/SelectPlanPage.js","statementMap":{"0":{"start":{"line":8,"column":2},"end":{"line":25,"column":4}},"1":{"start":{"line":13,"column":25},"end":{"line":13,"column":46}},"2":{"start":{"line":30,"column":14},"end":{"line":30,"column":16}},"3":{"start":{"line":31,"column":4},"end":{"line":33,"column":5}},"4":{"start":{"line":31,"column":16},"end":{"line":31,"column":17}},"5":{"start":{"line":32,"column":6},"end":{"line":32,"column":40}},"6":{"start":{"line":34,"column":4},"end":{"line":34,"column":15}},"7":{"start":{"line":39,"column":4},"end":{"line":49,"column":6}},"8":{"start":{"line":43,"column":21},"end":{"line":43,"column":44}},"9":{"start":{"line":52,"column":0},"end":{"line":54,"column":2}},"10":{"start":{"line":57,"column":15},"end":{"line":57,"column":43}}},"fnMap":{"0":{"name":"SelectPlanPage","decl":{"start":{"line":7,"column":24},"end":{"line":7,"column":38}},"loc":{"start":{"line":7,"column":53},"end":{"line":26,"column":1}},"line":7},"1":{"name":"(anonymous_1)","decl":{"start":{"line":13,"column":21},"end":{"line":13,"column":22}},"loc":{"start":{"line":13,"column":25},"end":{"line":13,"column":46}},"line":13},"2":{"name":"example","decl":{"start":{"line":29,"column":9},"end":{"line":29,"column":16}},"loc":{"start":{"line":29,"column":28},"end":{"line":35,"column":3}},"line":29},"3":{"name":"makeEvent","decl":{"start":{"line":38,"column":11},"end":{"line":38,"column":20}},"loc":{"start":{"line":38,"column":39},"end":{"line":50,"column":3}},"line":38},"4":{"name":"(anonymous_4)","decl":{"start":{"line":43,"column":17},"end":{"line":43,"column":18}},"loc":{"start":{"line":43,"column":21},"end":{"line":43,"column":44}},"line":43}},"branchMap":{},"s":{"0":0,"1":0,"2":0,"3":0,"4":0,"5":0,"6":0,"7":0,"8":0,"9":0,"10":0},"f":{"0":0,"1":0,"2":0,"3":0,"4":0},"b":{},"hash":"cfe75dea3bd1e6bd02d16a3ed7c41066aaaa4873"}
,"/Users/calista/Desktop/MadTour/project/pages/testCalendars.js": {"path":"/Users/calista/Desktop/MadTour/project/pages/testCalendars.js","statementMap":{"0":{"start":{"line":8,"column":4},"end":{"line":8,"column":17}},"1":{"start":{"line":10,"column":4},"end":{"line":12,"column":6}},"2":{"start":{"line":15,"column":15},"end":{"line":17,"column":3}},"3":{"start":{"line":16,"column":4},"end":{"line":16,"column":46}},"4":{"start":{"line":20,"column":4},"end":{"line":265,"column":6}},"5":{"start":{"line":269,"column":15},"end":{"line":284,"column":2}}},"fnMap":{"0":{"name":"(anonymous_0)","decl":{"start":{"line":7,"column":2},"end":{"line":7,"column":3}},"loc":{"start":{"line":7,"column":21},"end":{"line":13,"column":3}},"line":7},"1":{"name":"(anonymous_1)","decl":{"start":{"line":15,"column":15},"end":{"line":15,"column":16}},"loc":{"start":{"line":15,"column":24},"end":{"line":17,"column":3}},"line":15},"2":{"name":"(anonymous_2)","decl":{"start":{"line":19,"column":2},"end":{"line":19,"column":3}},"loc":{"start":{"line":19,"column":11},"end":{"line":266,"column":3}},"line":19}},"branchMap":{},"s":{"0":0,"1":0,"2":0,"3":0,"4":0,"5":0},"f":{"0":0,"1":0,"2":0},"b":{},"hash":"59d8d5075849122172397ef6273d24da3303e936"}
,"/Users/calista/Desktop/MadTour/project/reference/screens/HomeScreen.js": {"path":"/Users/calista/Desktop/MadTour/project/reference/screens/HomeScreen.js","statementMap":{"0":{"start":{"line":9,"column":2},"end":{"line":52,"column":4}},"1":{"start":{"line":55,"column":0},"end":{"line":57,"column":2}},"2":{"start":{"line":60,"column":2},"end":{"line":79,"column":3}},"3":{"start":{"line":62,"column":6},"end":{"line":64,"column":13}},"4":{"start":{"line":67,"column":4},"end":{"line":72,"column":6}},"5":{"start":{"line":74,"column":4},"end":{"line":78,"column":6}},"6":{"start":{"line":83,"column":2},"end":{"line":83,"column":97}},"7":{"start":{"line":87,"column":2},"end":{"line":89,"column":4}},"8":{"start":{"line":92,"column":15},"end":{"line":179,"column":2}}},"fnMap":{"0":{"name":"HomeScreen","decl":{"start":{"line":8,"column":24},"end":{"line":8,"column":34}},"loc":{"start":{"line":8,"column":37},"end":{"line":53,"column":1}},"line":8},"1":{"name":"DevelopmentModeNotice","decl":{"start":{"line":59,"column":9},"end":{"line":59,"column":30}},"loc":{"start":{"line":59,"column":33},"end":{"line":80,"column":1}},"line":59},"2":{"name":"handleLearnMorePress","decl":{"start":{"line":82,"column":9},"end":{"line":82,"column":29}},"loc":{"start":{"line":82,"column":32},"end":{"line":84,"column":1}},"line":82},"3":{"name":"handleHelpPress","decl":{"start":{"line":86,"column":9},"end":{"line":86,"column":24}},"loc":{"start":{"line":86,"column":27},"end":{"line":90,"column":1}},"line":86}},"branchMap":{"0":{"loc":{"start":{"line":15,"column":14},"end":{"line":17,"column":60}},"type":"cond-expr","locations":[{"start":{"line":16,"column":18},"end":{"line":16,"column":59}},{"start":{"line":17,"column":18},"end":{"line":17,"column":60}}],"line":15},"1":{"loc":{"start":{"line":60,"column":2},"end":{"line":79,"column":3}},"type":"if","locations":[{"start":{"line":60,"column":2},"end":{"line":79,"column":3}},{"start":{"line":60,"column":2},"end":{"line":79,"column":3}}],"line":60}},"s":{"0":0,"1":0,"2":0,"3":0,"4":0,"5":0,"6":0,"7":0,"8":0},"f":{"0":0,"1":0,"2":0,"3":0},"b":{"0":[0,0],"1":[0,0]},"hash":"e78073088fe3632207526d5ba44bfa4b7b18a86b"}
,"/Users/calista/Desktop/MadTour/project/reference/screens/LinksScreen.js": {"path":"/Users/calista/Desktop/MadTour/project/reference/screens/LinksScreen.js","statementMap":{"0":{"start":{"line":8,"column":2},"end":{"line":29,"column":4}},"1":{"start":{"line":13,"column":23},"end":{"line":13,"column":74}},"2":{"start":{"line":19,"column":23},"end":{"line":19,"column":81}},"3":{"start":{"line":25,"column":23},"end":{"line":25,"column":76}},"4":{"start":{"line":33,"column":2},"end":{"line":44,"column":4}},"5":{"start":{"line":47,"column":15},"end":{"line":74,"column":2}}},"fnMap":{"0":{"name":"LinksScreen","decl":{"start":{"line":7,"column":24},"end":{"line":7,"column":35}},"loc":{"start":{"line":7,"column":38},"end":{"line":30,"column":1}},"line":7},"1":{"name":"(anonymous_1)","decl":{"start":{"line":13,"column":17},"end":{"line":13,"column":18}},"loc":{"start":{"line":13,"column":23},"end":{"line":13,"column":74}},"line":13},"2":{"name":"(anonymous_2)","decl":{"start":{"line":19,"column":17},"end":{"line":19,"column":18}},"loc":{"start":{"line":19,"column":23},"end":{"line":19,"column":81}},"line":19},"3":{"name":"(anonymous_3)","decl":{"start":{"line":25,"column":17},"end":{"line":25,"column":18}},"loc":{"start":{"line":25,"column":23},"end":{"line":25,"column":76}},"line":25},"4":{"name":"OptionButton","decl":{"start":{"line":32,"column":9},"end":{"line":32,"column":21}},"loc":{"start":{"line":32,"column":62},"end":{"line":45,"column":1}},"line":32}},"branchMap":{"0":{"loc":{"start":{"line":34,"column":39},"end":{"line":34,"column":72}},"type":"binary-expr","locations":[{"start":{"line":34,"column":39},"end":{"line":34,"column":51}},{"start":{"line":34,"column":55},"end":{"line":34,"column":72}}],"line":34}},"s":{"0":0,"1":0,"2":0,"3":0,"4":0,"5":0},"f":{"0":0,"1":0,"2":0,"3":0,"4":0},"b":{"0":[0,0]},"hash":"673d5f8c481f8629a869ee7e5c044347910cf571"}
}
