TN:
SF:/Users/calista/Desktop/MadTour/project/App.js
FN:28,App
FN:35,(anonymous_1)
FN:36,loadResourcesAndDataAsync
FNF:3
FNH:0
FNDA:0,App
FNDA:0,(anonymous_1)
FNDA:0,loadResourcesAndDataAsync
DA:23,0
DA:29,0
DA:30,0
DA:31,0
DA:32,0
DA:35,0
DA:37,0
DA:38,0
DA:41,0
DA:44,0
DA:50,0
DA:52,0
DA:53,0
DA:57,0
DA:61,0
DA:62,0
DA:65,0
DA:94,0
LF:18
LH:0
BRDA:61,0,0,0
BRDA:61,0,1,0
BRDA:61,1,0,0
BRDA:61,1,1,0
BRDA:67,2,0,0
BRDA:67,2,1,0
BRF:6
BRH:0
end_of_record
TN:
SF:/Users/calista/Desktop/MadTour/project/styleInfo.js
FNF:0
FNH:0
DA:3,0
LF:1
LH:0
BRF:0
BRH:0
end_of_record
TN:
SF:/Users/calista/Desktop/MadTour/project/components/StyledText.js
FN:4,MonoText
FNF:1
FNH:1
FNDA:1,MonoText
DA:5,1
LF:1
LH:1
BRF:0
BRH:0
end_of_record
TN:
SF:/Users/calista/Desktop/MadTour/project/components/TabBarIcon.js
FN:6,TabBarIcon
FNF:1
FNH:0
FNDA:0,TabBarIcon
DA:7,0
LF:1
LH:0
BRDA:12,0,0,0
BRDA:12,0,1,0
BRF:2
BRH:0
end_of_record
TN:
SF:/Users/calista/Desktop/MadTour/project/constants/Colors.js
FNF:0
FNH:0
DA:4,0
LF:1
LH:0
BRF:0
BRH:0
end_of_record
TN:
SF:/Users/calista/Desktop/MadTour/project/constants/Layout.js
FNF:0
FNH:0
DA:6,0
DA:7,0
LF:2
LH:0
BRF:0
BRH:0
end_of_record
TN:
SF:/Users/calista/Desktop/MadTour/project/navigation/BottomTabNavigator.js
FN:10,BottomTabNavigator
FN:23,(anonymous_1)
FN:31,(anonymous_2)
FN:38,getHeaderTitle
FNF:4
FNH:0
FNDA:0,BottomTabNavigator
FNDA:0,(anonymous_1)
FNDA:0,(anonymous_2)
FNDA:0,getHeaderTitle
DA:7,0
DA:8,0
DA:14,0
DA:16,0
DA:23,0
DA:31,0
DA:39,0
DA:41,0
DA:43,0
DA:45,0
LF:10
LH:0
BRDA:39,0,0,0
BRDA:39,0,1,0
BRDA:41,1,0,0
BRDA:41,1,1,0
BRF:4
BRH:0
end_of_record
TN:
SF:/Users/calista/Desktop/MadTour/project/navigation/useLinking.js
FN:4,(anonymous_0)
FNF:1
FNH:0
FNDA:0,(anonymous_0)
DA:5,0
LF:1
LH:0
BRF:0
BRH:0
end_of_record
TN:
SF:/Users/calista/Desktop/MadTour/project/pages/Activities.js
FN:7,Activities
FN:13,(anonymous_1)
FN:31,example
FN:40,makeAct
FN:46,(anonymous_4)
FNF:5
FNH:0
FNDA:0,Activities
FNDA:0,(anonymous_1)
FNDA:0,example
FNDA:0,makeAct
FNDA:0,(anonymous_4)
DA:8,0
DA:13,0
DA:32,0
DA:33,0
DA:34,0
DA:36,0
DA:41,0
DA:46,0
DA:57,0
LF:9
LH:0
BRF:0
BRH:0
end_of_record
TN:
SF:/Users/calista/Desktop/MadTour/project/pages/EventPage.js
FN:6,EventPage
FN:12,(anonymous_1)
FNF:2
FNH:0
FNDA:0,EventPage
FNDA:0,(anonymous_1)
DA:7,0
DA:12,0
DA:35,0
DA:39,0
LF:4
LH:0
BRF:0
BRH:0
end_of_record
TN:
SF:/Users/calista/Desktop/MadTour/project/pages/Events.js
FN:14,Events
FN:20,(anonymous_1)
FN:40,example
FN:49,makeEvent
FN:54,(anonymous_4)
FN:74,getEvents
FNF:6
FNH:0
FNDA:0,Events
FNDA:0,(anonymous_1)
FNDA:0,example
FNDA:0,makeEvent
FNDA:0,(anonymous_4)
FNDA:0,getEvents
DA:12,0
DA:15,0
DA:20,0
DA:41,0
DA:42,0
DA:43,0
DA:45,0
DA:50,0
DA:54,0
DA:103,0
LF:10
LH:0
BRF:0
BRH:0
end_of_record
TN:
SF:/Users/calista/Desktop/MadTour/project/pages/HomePage.js
FN:9,HomePage
FN:23,(anonymous_1)
FN:28,(anonymous_2)
FN:33,(anonymous_3)
FNF:4
FNH:0
FNDA:0,HomePage
FNDA:0,(anonymous_1)
FNDA:0,(anonymous_2)
FNDA:0,(anonymous_3)
DA:10,0
DA:23,0
DA:28,0
DA:33,0
DA:43,0
DA:47,0
LF:6
LH:0
BRF:0
BRH:0
end_of_record
TN:
SF:/Users/calista/Desktop/MadTour/project/pages/PlanPage.js
FN:6,PlanPage
FN:11,(anonymous_1)
FNF:2
FNH:0
FNDA:0,PlanPage
FNDA:0,(anonymous_1)
DA:7,0
DA:11,0
DA:33,0
DA:37,0
LF:4
LH:0
BRF:0
BRH:0
end_of_record
TN:
SF:/Users/calista/Desktop/MadTour/project/pages/QuizPage.js
FN:16,QuizPage
FN:44,(anonymous_1)
FN:70,qtSlider
FN:85,(anonymous_3)
FN:112,qtRadio
FN:126,(anonymous_5)
FN:140,qIntensity
FN:152,qDistance
FN:167,qDoorness
FN:178,qTransport
FN:190,qTimeFrame
FNF:11
FNH:0
FNDA:0,QuizPage
FNDA:0,(anonymous_1)
FNDA:0,qtSlider
FNDA:0,(anonymous_3)
FNDA:0,qtRadio
FNDA:0,(anonymous_5)
FNDA:0,qIntensity
FNDA:0,qDistance
FNDA:0,qDoorness
FNDA:0,qTransport
FNDA:0,qTimeFrame
DA:14,0
DA:17,0
DA:44,0
DA:71,0
DA:72,0
DA:85,0
DA:113,0
DA:141,0
DA:142,0
DA:143,0
DA:144,0
DA:145,0
DA:146,0
DA:147,0
DA:148,0
DA:153,0
DA:155,0
DA:156,0
DA:157,0
DA:158,0
DA:160,0
DA:161,0
DA:162,0
DA:168,0
DA:169,0
DA:174,0
DA:179,0
DA:180,0
DA:186,0
DA:194,0
DA:197,0
LF:31
LH:0
BRDA:70,0,0,0
BRDA:70,1,0,0
BRDA:70,2,0,0
BRDA:70,3,0,0
BRDA:70,4,0,0
BRDA:70,5,0,0
BRDA:70,6,0,0
BRDA:112,7,0,0
BRDA:112,8,0,0
BRF:9
BRH:0
end_of_record
TN:
SF:/Users/calista/Desktop/MadTour/project/pages/SavedPlansPage.js
FN:6,SavedPlansPage
FN:14,(anonymous_1)
FNF:2
FNH:0
FNDA:0,SavedPlansPage
FNDA:0,(anonymous_1)
DA:7,0
DA:14,0
DA:24,0
DA:28,0
LF:4
LH:0
BRF:0
BRH:0
end_of_record
TN:
SF:/Users/calista/Desktop/MadTour/project/pages/SelectEventPage.js
FN:6,SelectEventPage
FN:14,(anonymous_1)
FN:22,(anonymous_2)
FNF:3
FNH:0
FNDA:0,SelectEventPage
FNDA:0,(anonymous_1)
FNDA:0,(anonymous_2)
DA:7,0
DA:14,0
DA:22,0
DA:32,0
DA:36,0
LF:5
LH:0
BRF:0
BRH:0
end_of_record
TN:
SF:/Users/calista/Desktop/MadTour/project/pages/SelectPlanPage.js
FN:7,SelectPlanPage
FN:13,(anonymous_1)
FN:29,example
FN:38,makeEvent
FN:43,(anonymous_4)
FNF:5
FNH:0
FNDA:0,SelectPlanPage
FNDA:0,(anonymous_1)
FNDA:0,example
FNDA:0,makeEvent
FNDA:0,(anonymous_4)
DA:8,0
DA:13,0
DA:30,0
DA:31,0
DA:32,0
DA:34,0
DA:39,0
DA:43,0
DA:52,0
DA:57,0
LF:10
LH:0
BRF:0
BRH:0
end_of_record
TN:
SF:/Users/calista/Desktop/MadTour/project/pages/testCalendars.js
FN:7,(anonymous_0)
FN:15,(anonymous_1)
FN:19,(anonymous_2)
FNF:3
FNH:0
FNDA:0,(anonymous_0)
FNDA:0,(anonymous_1)
FNDA:0,(anonymous_2)
DA:8,0
DA:10,0
DA:15,0
DA:16,0
DA:20,0
DA:269,0
LF:6
LH:0
BRF:0
BRH:0
end_of_record
TN:
SF:/Users/calista/Desktop/MadTour/project/reference/screens/HomeScreen.js
FN:8,HomeScreen
FN:59,DevelopmentModeNotice
FN:82,handleLearnMorePress
FN:86,handleHelpPress
FNF:4
FNH:0
FNDA:0,HomeScreen
FNDA:0,DevelopmentModeNotice
FNDA:0,handleLearnMorePress
FNDA:0,handleHelpPress
DA:9,0
DA:55,0
DA:60,0
DA:62,0
DA:67,0
DA:74,0
DA:83,0
DA:87,0
DA:92,0
LF:9
LH:0
BRDA:15,0,0,0
BRDA:15,0,1,0
BRDA:60,1,0,0
BRDA:60,1,1,0
BRF:4
BRH:0
end_of_record
TN:
SF:/Users/calista/Desktop/MadTour/project/reference/screens/LinksScreen.js
FN:7,LinksScreen
FN:13,(anonymous_1)
FN:19,(anonymous_2)
FN:25,(anonymous_3)
FN:32,OptionButton
FNF:5
FNH:0
FNDA:0,LinksScreen
FNDA:0,(anonymous_1)
FNDA:0,(anonymous_2)
FNDA:0,(anonymous_3)
FNDA:0,OptionButton
DA:8,0
DA:13,0
DA:19,0
DA:25,0
DA:33,0
DA:47,0
LF:6
LH:0
BRDA:34,0,0,0
BRDA:34,0,1,0
BRF:2
BRH:0
end_of_record
